<?xml version="1.0" encoding="UTF-8"?>
<!-- Generated by org.testng.reporters.JUnitReportReporter -->
<testsuite hostname="DESKTOP-2F3S0DP" failures="0" tests="1" name="cart.SearchAndTestCartPageTest" time="29.774" errors="0" timestamp="2022-12-06T19:27:48 CST" skipped="0">
  <testcase classname="cart.SearchAndTestCartPageTest" name="userShouldBeAbleToSearch" time="29.774"/>
  <system-out/>
</testsuite> <!-- cart.SearchAndTestCartPageTest -->
